[debug] [2025-04-16T23:13:21.442Z] ----------------------------------------------------------------------
[debug] [2025-04-16T23:13:21.446Z] Command:       /nix/store/ixbb20farqh1f4fqbmsn6b1ixn8mc8ij-nodejs-20.18.1/bin/node /nix/store/b9a1wqzb1vkh5xd2mrp196csvbgv8j13-firebase-tools-14.0.1/lib/node_modules/firebase-tools/lib/bin/firebase.js init
[debug] [2025-04-16T23:13:21.448Z] CLI Version:   14.0.1
[debug] [2025-04-16T23:13:21.448Z] Platform:      linux
[debug] [2025-04-16T23:13:21.448Z] Node Version:  v20.18.1
[debug] [2025-04-16T23:13:21.448Z] Time:          Wed Apr 16 2025 23:13:21 GMT+0000 (Coordinated Universal Time)
[debug] [2025-04-16T23:13:21.449Z] ----------------------------------------------------------------------
[debug] 
[debug] [2025-04-16T23:13:21.912Z] > command requires scopes: ["email","openid","https://www.googleapis.com/auth/cloudplatformprojects.readonly","https://www.googleapis.com/auth/firebase","https://www.googleapis.com/auth/cloud-platform"]
[debug] [2025-04-16T23:13:21.913Z] > authorizing via signed-in user (emmanuelugochukwu2000@gmail.com)
[info] 
     ######## #### ########  ######## ########     ###     ######  ########
     ##        ##  ##     ## ##       ##     ##  ##   ##  ##       ##
     ######    ##  ########  ######   ########  #########  ######  ######
     ##        ##  ##    ##  ##       ##     ## ##     ##       ## ##
     ##       #### ##     ## ######## ########  ##     ##  ######  ########

You're about to initialize a Firebase project in this directory:

  /home/user/kamari/kamari

Before we get started, keep in mind:

  * You are initializing within an existing Firebase project directory

[info] 
=== Project Setup
[info] 
[info] First, let's associate this project directory with a Firebase project.
[info] You can create multiple project aliases by running firebase use --add, 
[info] but for now we'll just set up a default project.
[info] 
[debug] [2025-04-16T23:13:27.363Z] Using project from CLI flag: kamari-d27ba
[debug] [2025-04-16T23:13:27.368Z] Checked if tokens are valid: true, expires at: 1744848428742
[debug] [2025-04-16T23:13:27.368Z] Checked if tokens are valid: true, expires at: 1744848428742
[debug] [2025-04-16T23:13:27.373Z] >>> [apiv2][query] GET https://firebase.googleapis.com/v1beta1/projects/kamari-d27ba [none]
[debug] [2025-04-16T23:13:27.675Z] <<< [apiv2][status] GET https://firebase.googleapis.com/v1beta1/projects/kamari-d27ba 200
[debug] [2025-04-16T23:13:27.676Z] <<< [apiv2][body] GET https://firebase.googleapis.com/v1beta1/projects/kamari-d27ba {"projectId":"kamari-d27ba","projectNumber":"869201668614","displayName":"KAMARI","name":"projects/kamari-d27ba","resources":{"hostingSite":"kamari-d27ba"},"state":"ACTIVE","etag":"1_ec34e21d-a1f9-42f4-80a1-6ad67ca85626"}
[info] i  Using project kamari-d27ba (KAMARI) 
[info] 
=== Hosting Setup
[debug] [2025-04-16T23:13:27.692Z] Checked if tokens are valid: true, expires at: 1744848428742
[debug] [2025-04-16T23:13:27.692Z] Checked if tokens are valid: true, expires at: 1744848428742
[debug] [2025-04-16T23:13:27.692Z] >>> [apiv2][query] GET https://firebase.googleapis.com/v1beta1/projects/kamari-d27ba [none]
[debug] [2025-04-16T23:13:27.937Z] <<< [apiv2][status] GET https://firebase.googleapis.com/v1beta1/projects/kamari-d27ba 200
[debug] [2025-04-16T23:13:27.937Z] <<< [apiv2][body] GET https://firebase.googleapis.com/v1beta1/projects/kamari-d27ba {"projectId":"kamari-d27ba","projectNumber":"869201668614","displayName":"KAMARI","name":"projects/kamari-d27ba","resources":{"hostingSite":"kamari-d27ba"},"state":"ACTIVE","etag":"1_ec34e21d-a1f9-42f4-80a1-6ad67ca85626"}
[info] 
[info] Your public directory is the folder (relative to your project directory) that
[info] will contain Hosting assets to be uploaded with firebase deploy. If you
[info] have a build process for your assets, use your build's output directory.
[info] 
[info] i  public/404.html is unchanged 
[debug] [2025-04-16T23:13:33.809Z] >>> [apiv2][query] GET https://www.gstatic.com/firebasejs/releases.json [none]
[debug] [2025-04-16T23:13:33.837Z] <<< [apiv2][status] GET https://www.gstatic.com/firebasejs/releases.json 200
[debug] [2025-04-16T23:13:33.837Z] <<< [apiv2][body] GET https://www.gstatic.com/firebasejs/releases.json {"current":{"version":"11.6.0","browserURL":"https://www.gstatic.com/firebasejs/11.6.0/firebase.js","packageURL":"https://www.gstatic.com/firebasejs/11.6.0/firebase.tgz"},"live":{"version":"11.6","browserURL":"https://www.gstatic.com/firebasejs/live/11.6/firebase.js","packageURL":"https://www.gstatic.com/firebasejs/live/11.6/firebase.tgz"},"components":{"analytics":"https://www.gstatic.com/firebasejs/11.6.0/firebase-analytics.js","app":"https://www.gstatic.com/firebasejs/11.6.0/firebase-app.js","app-check":"https://www.gstatic.com/firebasejs/11.6.0/firebase-app-check.js","auth":"https://www.gstatic.com/firebasejs/11.6.0/firebase-auth.js","auth/cordova":"https://www.gstatic.com/firebasejs/11.6.0/firebase-auth/cordova.js","auth/web-extension":"https://www.gstatic.com/firebasejs/11.6.0/firebase-auth/web-extension.js","functions":"https://www.gstatic.com/firebasejs/11.6.0/firebase-functions.js","firestore":"https://www.gstatic.com/firebasejs/11.6.0/firebase-firestore.js","firestore/lite":"https://www.gstatic.com/firebasejs/11.6.0/firebase-firestore/lite.js","installations":"https://www.gstatic.com/firebasejs/11.6.0/firebase-installations.js","storage":"https://www.gstatic.com/firebasejs/11.6.0/firebase-storage.js","performance":"https://www.gstatic.com/firebasejs/11.6.0/firebase-performance.js","remote-config":"https://www.gstatic.com/firebasejs/11.6.0/firebase-remote-config.js","messaging":"https://www.gstatic.com/firebasejs/11.6.0/firebase-messaging.js","messaging/sw":"https://www.gstatic.com/firebasejs/11.6.0/firebase-messaging/sw.js","database":"https://www.gstatic.com/firebasejs/11.6.0/firebase-database.js","vertexai":"https://www.gstatic.com/firebasejs/11.6.0/firebase-vertexai.js","data-connect":"https://www.gstatic.com/firebasejs/11.6.0/firebase-data-connect.js","firestore.memory":"https://www.gstatic.com/firebasejs/11.6.0/firebase-firestore.memory.js"}}
[info] i  public/index.html is unchanged 
[info] 
[info] i  Detected a .git folder at /home/user/kamari/kamari 
[info] i  Authorizing with GitHub to upload your service account to a GitHub repository's secrets store. 
[info] 
[info] Visit this URL on this device to log in:
[info] https://github.com/login/oauth/authorize?client_id=89cf50f02ac6aaed3484&state=626448534&redirect_uri=http%3A%2F%2Flocalhost%3A9005&scope=read%3Auser%20repo%20public_repo
[info] 
[info] Waiting for authentication...
